<?xml version="1.0" encoding="UTF-8"?>
<testsuite name="example.com.ApplicationTest" tests="1" skipped="0" failures="0" errors="0" timestamp="2024-07-03T22:10:54" hostname="MGC1Q2W2FN9D" time="0.622">
  <properties/>
  <testcase name="testRoot" classname="example.com.ApplicationTest" time="0.622"/>
  <system-out><![CDATA[2024-07-03 18:10:54.301 [Test worker @coroutine#1] TRACE i.ktor.client.plugins.HttpPlainText - Adding Accept-Charset=UTF-8 to http:///
2024-07-03 18:10:54.341 [DefaultDispatcher-worker-1 @call-context#2] INFO  ktor.test - No ktor.deployment.watch patterns specified, automatic reload is not active.
2024-07-03 18:10:54.686 [DefaultDispatcher-worker-1 @call-context#2] INFO  ktor.test - Application started in 0.35 seconds.
2024-07-03 18:10:54.688 [DefaultDispatcher-worker-3 @coroutine#4] INFO  ktor.test - Responding at http://localhost:80
2024-07-03 18:10:54.689 [DefaultDispatcher-worker-3 @coroutine#4] INFO  ktor.test - Responding at https://localhost:443
2024-07-03 18:10:54.708 [DefaultDispatcher-worker-1 @request#2] TRACE io.ktor.routing.Routing - Trace for []
/, segment:0 -> SUCCESS @ /
  /json, segment:0 -> FAILURE "Selector didn't match" @ /json
  /, segment:0 -> SUCCESS @ /
    /(method:GET), segment:0 -> SUCCESS @ /(method:GET)
Matched routes:
  "" -> "<slash>" -> "(method:GET)"
Route resolve result:
  SUCCESS @ /(method:GET)
2024-07-03 18:10:54.711 [DefaultDispatcher-worker-1 @request#2] TRACE i.k.s.p.c.ContentNegotiation - Skipping because body is already converted.
2024-07-03 18:10:54.729 [Test worker @coroutine#1] TRACE i.k.client.plugins.HttpCallValidator - Validating response for request http://localhost/
2024-07-03 18:10:54.729 [Test worker @coroutine#1] TRACE i.k.c.p.DefaultResponseValidation - Skipping default response validation for http://localhost/
2024-07-03 18:10:54.743 [Test worker @coroutine#1] TRACE i.k.c.plugins.defaultTransformers - Transformed with default transformers response body for http://localhost/ to class io.ktor.utils.io.core.ByteReadPacket
]]></system-out>
  <system-err><![CDATA[]]></system-err>
</testsuite>
